Added Parameter MFG= to Part C1
Added Parameter MFG= to Part C2
Added Parameter MFG= to Part C3
Added Parameter MFG= to Part C4
Added Parameter MFG= to Part C5
Added Parameter MFG= to Part C6
Added Parameter MFG= to Part C7
Added Parameter MFG= to Part C8
Added Parameter MFG= to Part C9
Added Parameter MFG= to Part C10
Added Parameter MFG= to Part C12
Added Parameter MFG= to Part C13
Added Parameter MFG= to Part C14
Added Parameter MFG= to Part C15
Added Parameter MFG= to Part C16
Added Parameter MFG= to Part C17
Added Parameter MFG= to Part C18
Added Parameter MFG= to Part C19
Added Parameter MFG= to Part C20
Added Parameter MFG= to Part C21
Added Parameter MFG= to Part C22
Added Parameter MFG= to Part C23
Added Parameter MFG= to Part C24
Added Parameter MFG= to Part C25
Added Parameter MFG= to Part C49
Added Parameter MFG= to Part C50
Added Parameter MFG= to Part C51
Added Parameter MFG= to Part C52
Added Parameter MFG= to Part C58
Added Parameter MFG= to Part C61
Added Parameter MFG= to Part C62
Added Parameter MFG= to Part D1
Added Parameter MFG= to Part D2
Added Parameter MFG= to Part L1
Added Parameter MFG= to Part L2
Added Parameter MFG= to Part L3
Added Parameter MFG= to Part L4
Added Parameter MFG= to Part L5
Added Parameter MFG= to Part L6
Added Parameter MFG= to Part L18
Added Parameter MFG= to Part Q1
Added Parameter MFG= to Part R1
Added Parameter MFG= to Part R2
Added Parameter MFG= to Part R3
Added Parameter MFG= to Part R4
Added Parameter MFG= to Part R6
Added Parameter MFG= to Part R7
Added Parameter MFG= to Part R8
Added Parameter MFG= to Part R9
Added Parameter MFG= to Part R10
Added Parameter MFG= to Part R11
Added Parameter MFG= to Part R12
Added Parameter MFG= to Part R13
Added Parameter MFG= to Part R14
Added Parameter MFG= to Part R15
Added Parameter MFG= to Part R16
Added Parameter MFG= to Part R17
Added Parameter MFG= to Part R18
Added Parameter MFG= to Part R37
Added Parameter MFG= to Part R47
Added Parameter MFG= to Part R49
Added Parameter MFG= to Part R50
Added Parameter MFG= to Part R52
Added Parameter MFG= to Part R54
Added Parameter MFG= to Part TP1
Added Parameter MFG= to Part TP2
Added Parameter MFG= to Part TP3
Added Parameter MFG= to Part TP4
Added Parameter MFG= to Part TP5
Added Parameter MFG= to Part TP6
Added Parameter MFG= to Part U1
Added Parameter MFG= to Part U2
Added Parameter MFG= to Part U3
Added Parameter MFG= to Part U4
Added Parameter MFG= to Part U8
Added Parameter MFG= to Part Y1
Added Parameter MFG= to Part Y2
Added Parameter MFG= to Part Y3
Added Parameter MFG_PartNumber= to Part C1
Added Parameter MFG_PartNumber= to Part C2
Added Parameter MFG_PartNumber= to Part C3
Added Parameter MFG_PartNumber= to Part C4
Added Parameter MFG_PartNumber= to Part C5
Added Parameter MFG_PartNumber= to Part C6
Added Parameter MFG_PartNumber= to Part C7
Added Parameter MFG_PartNumber= to Part C8
Added Parameter MFG_PartNumber= to Part C9
Added Parameter MFG_PartNumber= to Part C10
Added Parameter MFG_PartNumber= to Part C12
Added Parameter MFG_PartNumber= to Part C13
Added Parameter MFG_PartNumber= to Part C14
Added Parameter MFG_PartNumber= to Part C15
Added Parameter MFG_PartNumber= to Part C16
Added Parameter MFG_PartNumber= to Part C17
Added Parameter MFG_PartNumber= to Part C18
Added Parameter MFG_PartNumber= to Part C19
Added Parameter MFG_PartNumber= to Part C20
Added Parameter MFG_PartNumber= to Part C21
Added Parameter MFG_PartNumber= to Part C22
Added Parameter MFG_PartNumber= to Part C23
Added Parameter MFG_PartNumber= to Part C24
Added Parameter MFG_PartNumber= to Part C25
Added Parameter MFG_PartNumber= to Part C49
Added Parameter MFG_PartNumber= to Part C50
Added Parameter MFG_PartNumber= to Part C51
Added Parameter MFG_PartNumber= to Part C52
Added Parameter MFG_PartNumber= to Part C58
Added Parameter MFG_PartNumber= to Part C61
Added Parameter MFG_PartNumber= to Part C62
Added Parameter MFG_PartNumber= to Part D1
Added Parameter MFG_PartNumber= to Part D2
Added Parameter MFG_PartNumber= to Part L1
Added Parameter MFG_PartNumber= to Part L2
Added Parameter MFG_PartNumber= to Part L3
Added Parameter MFG_PartNumber= to Part L4
Added Parameter MFG_PartNumber= to Part L5
Added Parameter MFG_PartNumber= to Part L6
Added Parameter MFG_PartNumber= to Part L18
Added Parameter MFG_PartNumber= to Part Q1
Added Parameter MFG_PartNumber= to Part R1
Added Parameter MFG_PartNumber= to Part R2
Added Parameter MFG_PartNumber= to Part R3
Added Parameter MFG_PartNumber= to Part R4
Added Parameter MFG_PartNumber= to Part R6
Added Parameter MFG_PartNumber= to Part R7
Added Parameter MFG_PartNumber= to Part R8
Added Parameter MFG_PartNumber= to Part R9
Added Parameter MFG_PartNumber= to Part R10
Added Parameter MFG_PartNumber= to Part R11
Added Parameter MFG_PartNumber= to Part R12
Added Parameter MFG_PartNumber= to Part R13
Added Parameter MFG_PartNumber= to Part R14
Added Parameter MFG_PartNumber= to Part R15
Added Parameter MFG_PartNumber= to Part R16
Added Parameter MFG_PartNumber= to Part R17
Added Parameter MFG_PartNumber= to Part R18
Added Parameter MFG_PartNumber= to Part R37
Added Parameter MFG_PartNumber= to Part R47
Added Parameter MFG_PartNumber= to Part R49
Added Parameter MFG_PartNumber= to Part R50
Added Parameter MFG_PartNumber= to Part R52
Added Parameter MFG_PartNumber= to Part R54
Added Parameter MFG_PartNumber= to Part TP1
Added Parameter MFG_PartNumber= to Part TP2
Added Parameter MFG_PartNumber= to Part TP3
Added Parameter MFG_PartNumber= to Part TP4
Added Parameter MFG_PartNumber= to Part TP5
Added Parameter MFG_PartNumber= to Part TP6
Added Parameter MFG_PartNumber= to Part U1
Added Parameter MFG_PartNumber= to Part U2
Added Parameter MFG_PartNumber= to Part U3
Added Parameter MFG_PartNumber= to Part U4
Added Parameter MFG_PartNumber= to Part U8
Added Parameter MFG_PartNumber= to Part Y1
Added Parameter MFG_PartNumber= to Part Y2
Added Parameter MFG_PartNumber= to Part Y3
Added Parameter Value= to Part C1
Added Parameter Value= to Part C2
Added Parameter Value= to Part C3
Added Parameter Value= to Part C4
Added Parameter Value= to Part C5
Added Parameter Value= to Part C6
Added Parameter Value= to Part C7
Added Parameter Value= to Part C8
Added Parameter Value= to Part C9
Added Parameter Value= to Part C10
Added Parameter Value= to Part C12
Added Parameter Value= to Part C13
Added Parameter Value= to Part C14
Added Parameter Value= to Part C15
Added Parameter Value= to Part C16
Added Parameter Value= to Part C17
Added Parameter Value= to Part C18
Added Parameter Value= to Part C19
Added Parameter Value= to Part C20
Added Parameter Value= to Part C21
Added Parameter Value= to Part C22
Added Parameter Value= to Part C23
Added Parameter Value= to Part C24
Added Parameter Value= to Part C25
Added Parameter Value= to Part C49
Added Parameter Value= to Part C50
Added Parameter Value= to Part C51
Added Parameter Value= to Part C52
Added Parameter Value= to Part C58
Added Parameter Value= to Part C61
Added Parameter Value= to Part C62
Added Parameter Value= to Part D1
Added Parameter Value= to Part D2
Added Parameter Value= to Part L1
Added Parameter Value= to Part L2
Added Parameter Value= to Part L3
Added Parameter Value= to Part L4
Added Parameter Value= to Part L5
Added Parameter Value= to Part L6
Added Parameter Value= to Part L18
Added Parameter Value= to Part Q1
Added Parameter Value= to Part R1
Added Parameter Value= to Part R2
Added Parameter Value= to Part R3
Added Parameter Value= to Part R4
Added Parameter Value= to Part R6
Added Parameter Value= to Part R7
Added Parameter Value= to Part R8
Added Parameter Value= to Part R9
Added Parameter Value= to Part R10
Added Parameter Value= to Part R11
Added Parameter Value= to Part R12
Added Parameter Value= to Part R13
Added Parameter Value= to Part R14
Added Parameter Value= to Part R15
Added Parameter Value= to Part R16
Added Parameter Value= to Part R17
Added Parameter Value= to Part R18
Added Parameter Value= to Part R37
Added Parameter Value= to Part R47
Added Parameter Value= to Part R49
Added Parameter Value= to Part R50
Added Parameter Value= to Part R52
Added Parameter Value= to Part R54
Added Parameter Value= to Part TP1
Added Parameter Value= to Part TP2
Added Parameter Value= to Part TP3
Added Parameter Value= to Part TP4
Added Parameter Value= to Part TP5
Added Parameter Value= to Part TP6
Added Parameter Value= to Part U1
Added Parameter Value= to Part U2
Added Parameter Value= to Part U3
Added Parameter Value= to Part U4
Added Parameter Value= to Part U8
Added Parameter Value= to Part Y1
Added Parameter Value= to Part Y2
Added Parameter Value= to Part Y3
Added Parameter Vendor= to Part C1
Added Parameter Vendor= to Part C2
Added Parameter Vendor= to Part C3
Added Parameter Vendor= to Part C4
Added Parameter Vendor= to Part C5
Added Parameter Vendor= to Part C6
Added Parameter Vendor= to Part C7
Added Parameter Vendor= to Part C8
Added Parameter Vendor= to Part C9
Added Parameter Vendor= to Part C10
Added Parameter Vendor= to Part C12
Added Parameter Vendor= to Part C13
Added Parameter Vendor= to Part C14
Added Parameter Vendor= to Part C15
Added Parameter Vendor= to Part C16
Added Parameter Vendor= to Part C17
Added Parameter Vendor= to Part C18
Added Parameter Vendor= to Part C19
Added Parameter Vendor= to Part C20
Added Parameter Vendor= to Part C21
Added Parameter Vendor= to Part C22
Added Parameter Vendor= to Part C23
Added Parameter Vendor= to Part C24
Added Parameter Vendor= to Part C25
Added Parameter Vendor= to Part C49
Added Parameter Vendor= to Part C50
Added Parameter Vendor= to Part C51
Added Parameter Vendor= to Part C52
Added Parameter Vendor= to Part C58
Added Parameter Vendor= to Part C61
Added Parameter Vendor= to Part C62
Added Parameter Vendor= to Part D1
Added Parameter Vendor= to Part D2
Added Parameter Vendor= to Part L1
Added Parameter Vendor= to Part L2
Added Parameter Vendor= to Part L3
Added Parameter Vendor= to Part L4
Added Parameter Vendor= to Part L5
Added Parameter Vendor= to Part L6
Added Parameter Vendor= to Part L18
Added Parameter Vendor= to Part Q1
Added Parameter Vendor= to Part R1
Added Parameter Vendor= to Part R2
Added Parameter Vendor= to Part R3
Added Parameter Vendor= to Part R4
Added Parameter Vendor= to Part R6
Added Parameter Vendor= to Part R7
Added Parameter Vendor= to Part R8
Added Parameter Vendor= to Part R9
Added Parameter Vendor= to Part R10
Added Parameter Vendor= to Part R11
Added Parameter Vendor= to Part R12
Added Parameter Vendor= to Part R13
Added Parameter Vendor= to Part R14
Added Parameter Vendor= to Part R15
Added Parameter Vendor= to Part R16
Added Parameter Vendor= to Part R17
Added Parameter Vendor= to Part R18
Added Parameter Vendor= to Part R37
Added Parameter Vendor= to Part R47
Added Parameter Vendor= to Part R49
Added Parameter Vendor= to Part R50
Added Parameter Vendor= to Part R52
Added Parameter Vendor= to Part R54
Added Parameter Vendor= to Part TP1
Added Parameter Vendor= to Part TP2
Added Parameter Vendor= to Part TP3
Added Parameter Vendor= to Part TP4
Added Parameter Vendor= to Part TP5
Added Parameter Vendor= to Part TP6
Added Parameter Vendor= to Part U1
Added Parameter Vendor= to Part U2
Added Parameter Vendor= to Part U3
Added Parameter Vendor= to Part U4
Added Parameter Vendor= to Part U8
Added Parameter Vendor= to Part Y1
Added Parameter Vendor= to Part Y2
Added Parameter Vendor= to Part Y3
Added Parameter VendorPartNumber= to Part C1
Added Parameter VendorPartNumber= to Part C2
Added Parameter VendorPartNumber= to Part C3
Added Parameter VendorPartNumber= to Part C4
Added Parameter VendorPartNumber= to Part C5
Added Parameter VendorPartNumber= to Part C6
Added Parameter VendorPartNumber= to Part C7
Added Parameter VendorPartNumber= to Part C8
Added Parameter VendorPartNumber= to Part C9
Added Parameter VendorPartNumber= to Part C10
Added Parameter VendorPartNumber= to Part C12
Added Parameter VendorPartNumber= to Part C13
Added Parameter VendorPartNumber= to Part C14
Added Parameter VendorPartNumber= to Part C15
Added Parameter VendorPartNumber= to Part C16
Added Parameter VendorPartNumber= to Part C17
Added Parameter VendorPartNumber= to Part C18
Added Parameter VendorPartNumber= to Part C19
Added Parameter VendorPartNumber= to Part C20
Added Parameter VendorPartNumber= to Part C21
Added Parameter VendorPartNumber= to Part C22
Added Parameter VendorPartNumber= to Part C23
Added Parameter VendorPartNumber= to Part C24
Added Parameter VendorPartNumber= to Part C25
Added Parameter VendorPartNumber= to Part C49
Added Parameter VendorPartNumber= to Part C50
Added Parameter VendorPartNumber= to Part C51
Added Parameter VendorPartNumber= to Part C52
Added Parameter VendorPartNumber= to Part C58
Added Parameter VendorPartNumber= to Part C61
Added Parameter VendorPartNumber= to Part C62
Added Parameter VendorPartNumber= to Part D1
Added Parameter VendorPartNumber= to Part D2
Added Parameter VendorPartNumber= to Part L1
Added Parameter VendorPartNumber= to Part L2
Added Parameter VendorPartNumber= to Part L3
Added Parameter VendorPartNumber= to Part L4
Added Parameter VendorPartNumber= to Part L5
Added Parameter VendorPartNumber= to Part L6
Added Parameter VendorPartNumber= to Part L18
Added Parameter VendorPartNumber= to Part Q1
Added Parameter VendorPartNumber= to Part R1
Added Parameter VendorPartNumber= to Part R2
Added Parameter VendorPartNumber= to Part R3
Added Parameter VendorPartNumber= to Part R4
Added Parameter VendorPartNumber= to Part R6
Added Parameter VendorPartNumber= to Part R7
Added Parameter VendorPartNumber= to Part R8
Added Parameter VendorPartNumber= to Part R9
Added Parameter VendorPartNumber= to Part R10
Added Parameter VendorPartNumber= to Part R11
Added Parameter VendorPartNumber= to Part R12
Added Parameter VendorPartNumber= to Part R13
Added Parameter VendorPartNumber= to Part R14
Added Parameter VendorPartNumber= to Part R15
Added Parameter VendorPartNumber= to Part R16
Added Parameter VendorPartNumber= to Part R17
Added Parameter VendorPartNumber= to Part R18
Added Parameter VendorPartNumber= to Part R37
Added Parameter VendorPartNumber= to Part R47
Added Parameter VendorPartNumber= to Part R49
Added Parameter VendorPartNumber= to Part R50
Added Parameter VendorPartNumber= to Part R52
Added Parameter VendorPartNumber= to Part R54
Added Parameter VendorPartNumber= to Part TP1
Added Parameter VendorPartNumber= to Part TP2
Added Parameter VendorPartNumber= to Part TP3
Added Parameter VendorPartNumber= to Part TP4
Added Parameter VendorPartNumber= to Part TP5
Added Parameter VendorPartNumber= to Part TP6
Added Parameter VendorPartNumber= to Part U1
Added Parameter VendorPartNumber= to Part U2
Added Parameter VendorPartNumber= to Part U3
Added Parameter VendorPartNumber= to Part U4
Added Parameter VendorPartNumber= to Part U8
Added Parameter VendorPartNumber= to Part Y1
Added Parameter VendorPartNumber= to Part Y2
Added Parameter VendorPartNumber= to Part Y3
