Added Parameter MFG= to Part C26
Added Parameter MFG= to Part C27
Added Parameter MFG= to Part C28
Added Parameter MFG= to Part C29
Added Parameter MFG= to Part C30
Added Parameter MFG= to Part C31
Added Parameter MFG= to Part C32
Added Parameter MFG= to Part C33
Added Parameter MFG= to Part C34
Added Parameter MFG= to Part C35
Added Parameter MFG= to Part C36
Added Parameter MFG= to Part C37
Added Parameter MFG= to Part C45
Added Parameter MFG= to Part C54
Added Parameter MFG= to Part C56
Added Parameter MFG= to Part FB1
Added Parameter MFG= to Part FB2
Added Parameter MFG= to Part FB3
Added Parameter MFG= to Part FB4
Added Parameter MFG= to Part J2
Added Parameter MFG= to Part J4
Added Parameter MFG= to Part L7
Added Parameter MFG= to Part L8
Added Parameter MFG= to Part L9
Added Parameter MFG= to Part L10
Added Parameter MFG= to Part L11
Added Parameter MFG= to Part L12
Added Parameter MFG= to Part L15
Added Parameter MFG= to Part L19
Added Parameter MFG= to Part Q2
Added Parameter MFG= to Part Q3
Added Parameter MFG= to Part Q4
Added Parameter MFG= to Part Q5
Added Parameter MFG= to Part Q10
Added Parameter MFG= to Part R5
Added Parameter MFG= to Part R19
Added Parameter MFG= to Part R20
Added Parameter MFG= to Part R21
Added Parameter MFG= to Part R22
Added Parameter MFG= to Part R23
Added Parameter MFG= to Part R24
Added Parameter MFG= to Part R25
Added Parameter MFG= to Part R26
Added Parameter MFG= to Part R27
Added Parameter MFG= to Part R28
Added Parameter MFG= to Part R29
Added Parameter MFG= to Part R30
Added Parameter MFG= to Part R31
Added Parameter MFG= to Part R48
Added Parameter MFG= to Part R53
Added Parameter MFG= to Part R55
Added Parameter MFG= to Part R56
Added Parameter MFG= to Part U5
Added Parameter MFG= to Part U6
Added Parameter MFG= to Part Y4
Added Parameter MFG_PartNumber= to Part C26
Added Parameter MFG_PartNumber= to Part C27
Added Parameter MFG_PartNumber= to Part C28
Added Parameter MFG_PartNumber= to Part C29
Added Parameter MFG_PartNumber= to Part C30
Added Parameter MFG_PartNumber= to Part C31
Added Parameter MFG_PartNumber= to Part C32
Added Parameter MFG_PartNumber= to Part C33
Added Parameter MFG_PartNumber= to Part C34
Added Parameter MFG_PartNumber= to Part C35
Added Parameter MFG_PartNumber= to Part C36
Added Parameter MFG_PartNumber= to Part C37
Added Parameter MFG_PartNumber= to Part C45
Added Parameter MFG_PartNumber= to Part C54
Added Parameter MFG_PartNumber= to Part C56
Added Parameter MFG_PartNumber= to Part FB1
Added Parameter MFG_PartNumber= to Part FB2
Added Parameter MFG_PartNumber= to Part FB3
Added Parameter MFG_PartNumber= to Part FB4
Added Parameter MFG_PartNumber= to Part J2
Added Parameter MFG_PartNumber= to Part J4
Added Parameter MFG_PartNumber= to Part L7
Added Parameter MFG_PartNumber= to Part L8
Added Parameter MFG_PartNumber= to Part L9
Added Parameter MFG_PartNumber= to Part L10
Added Parameter MFG_PartNumber= to Part L11
Added Parameter MFG_PartNumber= to Part L12
Added Parameter MFG_PartNumber= to Part L15
Added Parameter MFG_PartNumber= to Part L19
Added Parameter MFG_PartNumber= to Part Q2
Added Parameter MFG_PartNumber= to Part Q3
Added Parameter MFG_PartNumber= to Part Q4
Added Parameter MFG_PartNumber= to Part Q5
Added Parameter MFG_PartNumber= to Part Q10
Added Parameter MFG_PartNumber= to Part R5
Added Parameter MFG_PartNumber= to Part R19
Added Parameter MFG_PartNumber= to Part R20
Added Parameter MFG_PartNumber= to Part R21
Added Parameter MFG_PartNumber= to Part R22
Added Parameter MFG_PartNumber= to Part R23
Added Parameter MFG_PartNumber= to Part R24
Added Parameter MFG_PartNumber= to Part R25
Added Parameter MFG_PartNumber= to Part R26
Added Parameter MFG_PartNumber= to Part R27
Added Parameter MFG_PartNumber= to Part R28
Added Parameter MFG_PartNumber= to Part R29
Added Parameter MFG_PartNumber= to Part R30
Added Parameter MFG_PartNumber= to Part R31
Added Parameter MFG_PartNumber= to Part R48
Added Parameter MFG_PartNumber= to Part R53
Added Parameter MFG_PartNumber= to Part R55
Added Parameter MFG_PartNumber= to Part R56
Added Parameter MFG_PartNumber= to Part U5
Added Parameter MFG_PartNumber= to Part U6
Added Parameter MFG_PartNumber= to Part Y4
Added Parameter Value= to Part C26
Added Parameter Value= to Part C27
Added Parameter Value= to Part C28
Added Parameter Value= to Part C29
Added Parameter Value= to Part C30
Added Parameter Value= to Part C31
Added Parameter Value= to Part C32
Added Parameter Value= to Part C33
Added Parameter Value= to Part C34
Added Parameter Value= to Part C35
Added Parameter Value= to Part C36
Added Parameter Value= to Part C37
Added Parameter Value= to Part C45
Added Parameter Value= to Part C54
Added Parameter Value= to Part C56
Added Parameter Value= to Part FB1
Added Parameter Value= to Part FB2
Added Parameter Value= to Part FB3
Added Parameter Value= to Part FB4
Added Parameter Value= to Part J2
Added Parameter Value= to Part J4
Added Parameter Value= to Part L7
Added Parameter Value= to Part L8
Added Parameter Value= to Part L9
Added Parameter Value= to Part L10
Added Parameter Value= to Part L11
Added Parameter Value= to Part L12
Added Parameter Value= to Part L15
Added Parameter Value= to Part L19
Added Parameter Value= to Part Q2
Added Parameter Value= to Part Q3
Added Parameter Value= to Part Q4
Added Parameter Value= to Part Q5
Added Parameter Value= to Part Q10
Added Parameter Value= to Part R5
Added Parameter Value= to Part R19
Added Parameter Value= to Part R20
Added Parameter Value= to Part R21
Added Parameter Value= to Part R22
Added Parameter Value= to Part R23
Added Parameter Value= to Part R24
Added Parameter Value= to Part R25
Added Parameter Value= to Part R26
Added Parameter Value= to Part R27
Added Parameter Value= to Part R28
Added Parameter Value= to Part R29
Added Parameter Value= to Part R30
Added Parameter Value= to Part R31
Added Parameter Value= to Part R48
Added Parameter Value= to Part R53
Added Parameter Value= to Part R55
Added Parameter Value= to Part R56
Added Parameter Value= to Part U5
Added Parameter Value= to Part U6
Added Parameter Value= to Part Y4
Added Parameter Vendor= to Part C26
Added Parameter Vendor= to Part C27
Added Parameter Vendor= to Part C28
Added Parameter Vendor= to Part C29
Added Parameter Vendor= to Part C30
Added Parameter Vendor= to Part C31
Added Parameter Vendor= to Part C32
Added Parameter Vendor= to Part C33
Added Parameter Vendor= to Part C34
Added Parameter Vendor= to Part C35
Added Parameter Vendor= to Part C36
Added Parameter Vendor= to Part C37
Added Parameter Vendor= to Part C45
Added Parameter Vendor= to Part C54
Added Parameter Vendor= to Part C56
Added Parameter Vendor= to Part FB1
Added Parameter Vendor= to Part FB2
Added Parameter Vendor= to Part FB3
Added Parameter Vendor= to Part FB4
Added Parameter Vendor= to Part J2
Added Parameter Vendor= to Part J4
Added Parameter Vendor= to Part L7
Added Parameter Vendor= to Part L8
Added Parameter Vendor= to Part L9
Added Parameter Vendor= to Part L10
Added Parameter Vendor= to Part L11
Added Parameter Vendor= to Part L12
Added Parameter Vendor= to Part L15
Added Parameter Vendor= to Part L19
Added Parameter Vendor= to Part Q2
Added Parameter Vendor= to Part Q3
Added Parameter Vendor= to Part Q4
Added Parameter Vendor= to Part Q5
Added Parameter Vendor= to Part Q10
Added Parameter Vendor= to Part R5
Added Parameter Vendor= to Part R19
Added Parameter Vendor= to Part R20
Added Parameter Vendor= to Part R21
Added Parameter Vendor= to Part R22
Added Parameter Vendor= to Part R23
Added Parameter Vendor= to Part R24
Added Parameter Vendor= to Part R25
Added Parameter Vendor= to Part R26
Added Parameter Vendor= to Part R27
Added Parameter Vendor= to Part R28
Added Parameter Vendor= to Part R29
Added Parameter Vendor= to Part R30
Added Parameter Vendor= to Part R31
Added Parameter Vendor= to Part R48
Added Parameter Vendor= to Part R53
Added Parameter Vendor= to Part R55
Added Parameter Vendor= to Part R56
Added Parameter Vendor= to Part U5
Added Parameter Vendor= to Part U6
Added Parameter Vendor= to Part Y4
Added Parameter VendorPartNumber= to Part C26
Added Parameter VendorPartNumber= to Part C27
Added Parameter VendorPartNumber= to Part C28
Added Parameter VendorPartNumber= to Part C29
Added Parameter VendorPartNumber= to Part C30
Added Parameter VendorPartNumber= to Part C31
Added Parameter VendorPartNumber= to Part C32
Added Parameter VendorPartNumber= to Part C33
Added Parameter VendorPartNumber= to Part C34
Added Parameter VendorPartNumber= to Part C35
Added Parameter VendorPartNumber= to Part C36
Added Parameter VendorPartNumber= to Part C37
Added Parameter VendorPartNumber= to Part C45
Added Parameter VendorPartNumber= to Part C54
Added Parameter VendorPartNumber= to Part C56
Added Parameter VendorPartNumber= to Part FB1
Added Parameter VendorPartNumber= to Part FB2
Added Parameter VendorPartNumber= to Part FB3
Added Parameter VendorPartNumber= to Part FB4
Added Parameter VendorPartNumber= to Part J2
Added Parameter VendorPartNumber= to Part J4
Added Parameter VendorPartNumber= to Part L7
Added Parameter VendorPartNumber= to Part L8
Added Parameter VendorPartNumber= to Part L9
Added Parameter VendorPartNumber= to Part L10
Added Parameter VendorPartNumber= to Part L11
Added Parameter VendorPartNumber= to Part L12
Added Parameter VendorPartNumber= to Part L15
Added Parameter VendorPartNumber= to Part L19
Added Parameter VendorPartNumber= to Part Q2
Added Parameter VendorPartNumber= to Part Q3
Added Parameter VendorPartNumber= to Part Q4
Added Parameter VendorPartNumber= to Part Q5
Added Parameter VendorPartNumber= to Part Q10
Added Parameter VendorPartNumber= to Part R5
Added Parameter VendorPartNumber= to Part R19
Added Parameter VendorPartNumber= to Part R20
Added Parameter VendorPartNumber= to Part R21
Added Parameter VendorPartNumber= to Part R22
Added Parameter VendorPartNumber= to Part R23
Added Parameter VendorPartNumber= to Part R24
Added Parameter VendorPartNumber= to Part R25
Added Parameter VendorPartNumber= to Part R26
Added Parameter VendorPartNumber= to Part R27
Added Parameter VendorPartNumber= to Part R28
Added Parameter VendorPartNumber= to Part R29
Added Parameter VendorPartNumber= to Part R30
Added Parameter VendorPartNumber= to Part R31
Added Parameter VendorPartNumber= to Part R48
Added Parameter VendorPartNumber= to Part R53
Added Parameter VendorPartNumber= to Part R55
Added Parameter VendorPartNumber= to Part R56
Added Parameter VendorPartNumber= to Part U5
Added Parameter VendorPartNumber= to Part U6
Added Parameter VendorPartNumber= to Part Y4
