Added Parameter MFG= to Part C11
Added Parameter MFG= to Part C38
Added Parameter MFG= to Part C39
Added Parameter MFG= to Part C40
Added Parameter MFG= to Part C41
Added Parameter MFG= to Part C42
Added Parameter MFG= to Part C43
Added Parameter MFG= to Part C44
Added Parameter MFG= to Part C46
Added Parameter MFG= to Part C47
Added Parameter MFG= to Part C48
Added Parameter MFG= to Part C53
Added Parameter MFG= to Part C59
Added Parameter MFG= to Part C60
Added Parameter MFG= to Part D3
Added Parameter MFG= to Part J3
Added Parameter MFG= to Part L14
Added Parameter MFG= to Part L16
Added Parameter MFG= to Part L17
Added Parameter MFG= to Part Q6
Added Parameter MFG= to Part Q7
Added Parameter MFG= to Part Q8
Added Parameter MFG= to Part Q11
Added Parameter MFG= to Part R33
Added Parameter MFG= to Part R34
Added Parameter MFG= to Part R35
Added Parameter MFG= to Part R36
Added Parameter MFG= to Part R38
Added Parameter MFG= to Part R39
Added Parameter MFG= to Part R40
Added Parameter MFG= to Part R41
Added Parameter MFG= to Part R42
Added Parameter MFG= to Part R43
Added Parameter MFG= to Part R46
Added Parameter MFG= to Part R51
Added Parameter MFG= to Part U7
Added Parameter MFG= to Part U9
Added Parameter MFG= to Part Y5
Added Parameter MFG= to Part Y6
Added Parameter MFG_PartNumber= to Part C11
Added Parameter MFG_PartNumber= to Part C38
Added Parameter MFG_PartNumber= to Part C39
Added Parameter MFG_PartNumber= to Part C40
Added Parameter MFG_PartNumber= to Part C41
Added Parameter MFG_PartNumber= to Part C42
Added Parameter MFG_PartNumber= to Part C43
Added Parameter MFG_PartNumber= to Part C44
Added Parameter MFG_PartNumber= to Part C46
Added Parameter MFG_PartNumber= to Part C47
Added Parameter MFG_PartNumber= to Part C48
Added Parameter MFG_PartNumber= to Part C53
Added Parameter MFG_PartNumber= to Part C59
Added Parameter MFG_PartNumber= to Part C60
Added Parameter MFG_PartNumber= to Part D3
Added Parameter MFG_PartNumber= to Part J3
Added Parameter MFG_PartNumber= to Part L14
Added Parameter MFG_PartNumber= to Part L16
Added Parameter MFG_PartNumber= to Part L17
Added Parameter MFG_PartNumber= to Part Q6
Added Parameter MFG_PartNumber= to Part Q7
Added Parameter MFG_PartNumber= to Part Q8
Added Parameter MFG_PartNumber= to Part Q11
Added Parameter MFG_PartNumber= to Part R33
Added Parameter MFG_PartNumber= to Part R34
Added Parameter MFG_PartNumber= to Part R35
Added Parameter MFG_PartNumber= to Part R36
Added Parameter MFG_PartNumber= to Part R38
Added Parameter MFG_PartNumber= to Part R39
Added Parameter MFG_PartNumber= to Part R40
Added Parameter MFG_PartNumber= to Part R41
Added Parameter MFG_PartNumber= to Part R42
Added Parameter MFG_PartNumber= to Part R43
Added Parameter MFG_PartNumber= to Part R46
Added Parameter MFG_PartNumber= to Part R51
Added Parameter MFG_PartNumber= to Part U7
Added Parameter MFG_PartNumber= to Part U9
Added Parameter MFG_PartNumber= to Part Y5
Added Parameter MFG_PartNumber= to Part Y6
Added Parameter Value= to Part C11
Added Parameter Value= to Part C38
Added Parameter Value= to Part C39
Added Parameter Value= to Part C40
Added Parameter Value= to Part C41
Added Parameter Value= to Part C42
Added Parameter Value= to Part C43
Added Parameter Value= to Part C44
Added Parameter Value= to Part C46
Added Parameter Value= to Part C47
Added Parameter Value= to Part C48
Added Parameter Value= to Part C53
Added Parameter Value= to Part C59
Added Parameter Value= to Part C60
Added Parameter Value= to Part D3
Added Parameter Value= to Part J3
Added Parameter Value= to Part L14
Added Parameter Value= to Part L16
Added Parameter Value= to Part L17
Added Parameter Value= to Part Q6
Added Parameter Value= to Part Q7
Added Parameter Value= to Part Q8
Added Parameter Value= to Part Q11
Added Parameter Value= to Part R33
Added Parameter Value= to Part R34
Added Parameter Value= to Part R35
Added Parameter Value= to Part R36
Added Parameter Value= to Part R38
Added Parameter Value= to Part R39
Added Parameter Value= to Part R40
Added Parameter Value= to Part R41
Added Parameter Value= to Part R42
Added Parameter Value= to Part R43
Added Parameter Value= to Part R46
Added Parameter Value= to Part R51
Added Parameter Value= to Part U7
Added Parameter Value= to Part U9
Added Parameter Value= to Part Y5
Added Parameter Value= to Part Y6
Added Parameter Vendor= to Part C11
Added Parameter Vendor= to Part C38
Added Parameter Vendor= to Part C39
Added Parameter Vendor= to Part C40
Added Parameter Vendor= to Part C41
Added Parameter Vendor= to Part C42
Added Parameter Vendor= to Part C43
Added Parameter Vendor= to Part C44
Added Parameter Vendor= to Part C46
Added Parameter Vendor= to Part C47
Added Parameter Vendor= to Part C48
Added Parameter Vendor= to Part C53
Added Parameter Vendor= to Part C59
Added Parameter Vendor= to Part C60
Added Parameter Vendor= to Part D3
Added Parameter Vendor= to Part J3
Added Parameter Vendor= to Part L14
Added Parameter Vendor= to Part L16
Added Parameter Vendor= to Part L17
Added Parameter Vendor= to Part Q6
Added Parameter Vendor= to Part Q7
Added Parameter Vendor= to Part Q8
Added Parameter Vendor= to Part Q11
Added Parameter Vendor= to Part R33
Added Parameter Vendor= to Part R34
Added Parameter Vendor= to Part R35
Added Parameter Vendor= to Part R36
Added Parameter Vendor= to Part R38
Added Parameter Vendor= to Part R39
Added Parameter Vendor= to Part R40
Added Parameter Vendor= to Part R41
Added Parameter Vendor= to Part R42
Added Parameter Vendor= to Part R43
Added Parameter Vendor= to Part R46
Added Parameter Vendor= to Part R51
Added Parameter Vendor= to Part U7
Added Parameter Vendor= to Part U9
Added Parameter Vendor= to Part Y5
Added Parameter Vendor= to Part Y6
Added Parameter VendorPartNumber= to Part C11
Added Parameter VendorPartNumber= to Part C38
Added Parameter VendorPartNumber= to Part C39
Added Parameter VendorPartNumber= to Part C40
Added Parameter VendorPartNumber= to Part C41
Added Parameter VendorPartNumber= to Part C42
Added Parameter VendorPartNumber= to Part C43
Added Parameter VendorPartNumber= to Part C44
Added Parameter VendorPartNumber= to Part C46
Added Parameter VendorPartNumber= to Part C47
Added Parameter VendorPartNumber= to Part C48
Added Parameter VendorPartNumber= to Part C53
Added Parameter VendorPartNumber= to Part C59
Added Parameter VendorPartNumber= to Part C60
Added Parameter VendorPartNumber= to Part D3
Added Parameter VendorPartNumber= to Part J3
Added Parameter VendorPartNumber= to Part L14
Added Parameter VendorPartNumber= to Part L16
Added Parameter VendorPartNumber= to Part L17
Added Parameter VendorPartNumber= to Part Q6
Added Parameter VendorPartNumber= to Part Q7
Added Parameter VendorPartNumber= to Part Q8
Added Parameter VendorPartNumber= to Part Q11
Added Parameter VendorPartNumber= to Part R33
Added Parameter VendorPartNumber= to Part R34
Added Parameter VendorPartNumber= to Part R35
Added Parameter VendorPartNumber= to Part R36
Added Parameter VendorPartNumber= to Part R38
Added Parameter VendorPartNumber= to Part R39
Added Parameter VendorPartNumber= to Part R40
Added Parameter VendorPartNumber= to Part R41
Added Parameter VendorPartNumber= to Part R42
Added Parameter VendorPartNumber= to Part R43
Added Parameter VendorPartNumber= to Part R46
Added Parameter VendorPartNumber= to Part R51
Added Parameter VendorPartNumber= to Part U7
Added Parameter VendorPartNumber= to Part U9
Added Parameter VendorPartNumber= to Part Y5
Added Parameter VendorPartNumber= to Part Y6
