Removed Pin From Net: NetName=GND_COM Pin=C3-1
Removed Pin From Net: NetName=GND_COM Pin=C30-1
Removed Pin From Net: NetName=GND_COM Pin=C37-1
Removed Pin From Net: NetName=GND_COM Pin=C39-1
Removed Pin From Net: NetName=GND_COM Pin=C42-1
Removed Pin From Net: NetName=GND_COM Pin=J3-5
Removed Pin From Net: NetName=GND_COM Pin=J6-5
Removed Pin From Net: NetName=GND_COM Pin=J8-5
Removed Pin From Net: NetName=GND_COM Pin=K1-1
Removed Pin From Net: NetName=GND_COM Pin=K2-1
Removed Pin From Net: NetName=GND_COM Pin=R1-2
Removed Pin From Net: NetName=GND_COM Pin=R7-1
Removed Pin From Net: NetName=GND_COM Pin=R17-1
Removed Pin From Net: NetName=GND_COM Pin=R18-1
Removed Pin From Net: NetName=GND_COM Pin=R27-1
Removed Pin From Net: NetName=GND_COM Pin=R28-1
Removed Pin From Net: NetName=GND_COM Pin=R29-1
Removed Pin From Net: NetName=GND_COM Pin=R30-1
Removed Pin From Net: NetName=GND_COM Pin=R34-2
Removed Pin From Net: NetName=GND_COM Pin=R40-1
Removed Pin From Net: NetName=GND_COM Pin=R45-2
Removed Pin From Net: NetName=GND_COM Pin=R46-2
Removed Pin From Net: NetName=GND_COM Pin=R47-2
Removed Pin From Net: NetName=GND_COM Pin=R48-2
Removed Pin From Net: NetName=GND_COM Pin=R49-2
Removed Pin From Net: NetName=GND_COM Pin=R50-2
Removed Pin From Net: NetName=GND_COM Pin=R53-2
Removed Pin From Net: NetName=GND_COM Pin=R54-1
Removed Pin From Net: NetName=GND_COM Pin=R55-2
Removed Pin From Net: NetName=GND_COM Pin=R58-2
Removed Pin From Net: NetName=GND_COM Pin=U1-3
Removed Pin From Net: NetName=GND_COM Pin=U3-20
Removed Pin From Net: NetName=GND_COM Pin=U4-20
Removed Pin From Net: NetName=GND_COM Pin=U9-20
Removed Pin From Net: NetName=GND_COM Pin=U10-16
Removed Pin From Net: NetName=GND_COM Pin=U17-4
Removed Pin From Net: NetName=GND_COM Pin=U18-3
Removed Pin From Net: NetName=GND_COM Pin=U19-3
Removed Pin From Net: NetName=GND_COM Pin=U23-1
Added Pin To Net: NetName=+5VD Pin=U18-3
Added Pin To Net: NetName=NetC3_1 Pin=C3-1
Added Pin To Net: NetName=NetC3_1 Pin=C30-1
Added Pin To Net: NetName=NetC3_1 Pin=C37-1
Added Pin To Net: NetName=NetC3_1 Pin=C39-1
Added Pin To Net: NetName=NetC3_1 Pin=C42-1
Added Pin To Net: NetName=NetC3_1 Pin=J3-5
Added Pin To Net: NetName=NetC3_1 Pin=J6-5
Added Pin To Net: NetName=NetC3_1 Pin=J8-5
Added Pin To Net: NetName=NetC3_1 Pin=K1-1
Added Pin To Net: NetName=NetC3_1 Pin=K2-1
Added Pin To Net: NetName=NetC3_1 Pin=R1-2
Added Pin To Net: NetName=NetC3_1 Pin=R7-1
Added Pin To Net: NetName=NetC3_1 Pin=R17-1
Added Pin To Net: NetName=NetC3_1 Pin=R18-1
Added Pin To Net: NetName=NetC3_1 Pin=R27-1
Added Pin To Net: NetName=NetC3_1 Pin=R28-1
Added Pin To Net: NetName=NetC3_1 Pin=R29-1
Added Pin To Net: NetName=NetC3_1 Pin=R30-1
Added Pin To Net: NetName=NetC3_1 Pin=R34-2
Added Pin To Net: NetName=NetC3_1 Pin=R40-1
Added Pin To Net: NetName=NetC3_1 Pin=R45-2
Added Pin To Net: NetName=NetC3_1 Pin=R46-2
Added Pin To Net: NetName=NetC3_1 Pin=R47-2
Added Pin To Net: NetName=NetC3_1 Pin=R48-2
Added Pin To Net: NetName=NetC3_1 Pin=R49-2
Added Pin To Net: NetName=NetC3_1 Pin=R50-2
Added Pin To Net: NetName=NetC3_1 Pin=R53-2
Added Pin To Net: NetName=NetC3_1 Pin=R54-1
Added Pin To Net: NetName=NetC3_1 Pin=R55-2
Added Pin To Net: NetName=NetC3_1 Pin=R58-2
Added Pin To Net: NetName=NetC3_1 Pin=U1-3
Added Pin To Net: NetName=NetC3_1 Pin=U3-20
Added Pin To Net: NetName=NetC3_1 Pin=U4-20
Added Pin To Net: NetName=NetC3_1 Pin=U9-20
Added Pin To Net: NetName=NetC3_1 Pin=U10-16
Added Pin To Net: NetName=NetC3_1 Pin=U17-4
Added Pin To Net: NetName=NetC3_1 Pin=U18-3
Added Pin To Net: NetName=NetC3_1 Pin=U19-3
Added Pin To Net: NetName=NetC3_1 Pin=U23-1
Added Net: Name=NetC3_1
