Added Pin To Net: NetName=GND_COM Pin=C3-1
Added Pin To Net: NetName=GND_COM Pin=C3-2
Added Pin To Net: NetName=GND_COM Pin=C30-1
Added Pin To Net: NetName=GND_COM Pin=C30-2
Added Pin To Net: NetName=GND_COM Pin=C37-1
Added Pin To Net: NetName=GND_COM Pin=C37-2
Added Pin To Net: NetName=GND_COM Pin=C39-1
Added Pin To Net: NetName=GND_COM Pin=C39-2
Added Pin To Net: NetName=GND_COM Pin=C42-1
Added Pin To Net: NetName=GND_COM Pin=C42-2
Added Pin To Net: NetName=SIN Pin=C46-1
Added Pin To Net: NetName=GND_COM Pin=C76-2
Added Pin To Net: NetName=GND_COM Pin=C77-2
Added Pin To Net: NetName=GND_COM Pin=D11-K
Added Pin To Net: NetName=GND_COM Pin=FB1-1
Added Pin To Net: NetName=GND_COM Pin=J1-4
Added Pin To Net: NetName=GND_COM Pin=J3-4
Added Pin To Net: NetName=GND_COM Pin=J3-5
Added Pin To Net: NetName=GND_COM Pin=J6-4
Added Pin To Net: NetName=GND_COM Pin=J6-5
Added Pin To Net: NetName=GND_COM Pin=J8-4
Added Pin To Net: NetName=GND_COM Pin=J8-5
Added Pin To Net: NetName=SOUT Pin=J17-1
Added Pin To Net: NetName=GND_COM Pin=J20-4
Added Pin To Net: NetName=GND_COM Pin=K1-1
Added Pin To Net: NetName=GND_COM Pin=K2-1
Added Pin To Net: NetName=+RY1 Pin=Q1-1
Added Pin To Net: NetName=+RY2 Pin=Q2-1
Added Pin To Net: NetName=GND_COM Pin=Q4-2
Added Pin To Net: NetName=GND_COM Pin=Q6-2
Added Pin To Net: NetName=GND_COM Pin=R1-2
Added Pin To Net: NetName=GND_COM Pin=R3-1
Added Pin To Net: NetName=GND_COM Pin=R7-1
Added Pin To Net: NetName=GND_COM Pin=R15-2
Added Pin To Net: NetName=GND_COM Pin=R17-1
Added Pin To Net: NetName=GND_COM Pin=R18-1
Added Pin To Net: NetName=GND_COM Pin=R19-1
Added Pin To Net: NetName=GND_COM Pin=R26-2
Added Pin To Net: NetName=GND_COM Pin=R27-1
Added Pin To Net: NetName=GND_COM Pin=R28-1
Added Pin To Net: NetName=GND_COM Pin=R29-1
Added Pin To Net: NetName=GND_COM Pin=R30-1
Added Pin To Net: NetName=GND_COM Pin=R31-2
Added Pin To Net: NetName=GND_COM Pin=R34-2
Added Pin To Net: NetName=GND_COM Pin=R37-2
Added Pin To Net: NetName=GND_COM Pin=R38-1
Added Pin To Net: NetName=GND_COM Pin=R40-1
Added Pin To Net: NetName=SIN Pin=R42-2
Added Pin To Net: NetName=GND_COM Pin=R45-2
Added Pin To Net: NetName=GND_COM Pin=R46-2
Added Pin To Net: NetName=GND_COM Pin=R47-2
Added Pin To Net: NetName=GND_COM Pin=R48-2
Added Pin To Net: NetName=GND_COM Pin=R49-2
Added Pin To Net: NetName=GND_COM Pin=R50-2
Added Pin To Net: NetName=GND_COM Pin=R53-2
Added Pin To Net: NetName=GND_COM Pin=R54-1
Added Pin To Net: NetName=GND_COM Pin=R55-2
Added Pin To Net: NetName=GND_COM Pin=R58-2
Added Pin To Net: NetName=SOUT Pin=R69-2
Added Pin To Net: NetName=GND_COM Pin=S1-1
Added Pin To Net: NetName=GND_COM Pin=S1-2
Added Pin To Net: NetName=GND_COM Pin=S1-3
Added Pin To Net: NetName=GND_COM Pin=S1-4
Added Pin To Net: NetName=GND_COM Pin=TP15-1
Added Pin To Net: NetName=GND_COM Pin=U1-3
Added Pin To Net: NetName=GND_COM Pin=U1-8
Added Pin To Net: NetName=GND_COM Pin=U1-9
Added Pin To Net: NetName=GND_COM Pin=U1-10
Added Pin To Net: NetName=GND_COM Pin=U1-11
Added Pin To Net: NetName=GND_COM Pin=U1-12
Added Pin To Net: NetName=GND_COM Pin=U3-8
Added Pin To Net: NetName=GND_COM Pin=U3-19
Added Pin To Net: NetName=GND_COM Pin=U3-20
Added Pin To Net: NetName=GND_COM Pin=U4-8
Added Pin To Net: NetName=GND_COM Pin=U4-19
Added Pin To Net: NetName=GND_COM Pin=U4-20
Added Pin To Net: NetName=-DI1_UP Pin=U9-3
Added Pin To Net: NetName=-DI1_FLT Pin=U9-4
Added Pin To Net: NetName=-DI2_UP Pin=U9-5
Added Pin To Net: NetName=-DI2_FLT Pin=U9-7
Added Pin To Net: NetName=GND_COM Pin=U9-8
Added Pin To Net: NetName=GND_COM Pin=U9-19
Added Pin To Net: NetName=GND_COM Pin=U9-20
Added Pin To Net: NetName=GND_COM Pin=U10-8
Added Pin To Net: NetName=GND_COM Pin=U10-10
Added Pin To Net: NetName=GND_COM Pin=U10-11
Added Pin To Net: NetName=GND_COM Pin=U10-12
Added Pin To Net: NetName=GND_COM Pin=U10-13
Added Pin To Net: NetName=GND_COM Pin=U10-16
Added Pin To Net: NetName=GND_COM Pin=U17-2
Added Pin To Net: NetName=GND_COM Pin=U17-4
Added Pin To Net: NetName=GND_COM Pin=U18-3
Added Pin To Net: NetName=GND_COM Pin=U19-3
Added Pin To Net: NetName=SOUT Pin=U20-53
Added Pin To Net: NetName=GND_COM Pin=U23-1
Added Pin To Net: NetName=GND_COM Pin=U23-4
Added Pin To Net: NetName=GND_COM Pin=U23-17
Added Pin To Net: NetName=GND_COM Pin=U23-20
Added Pin To Net: NetName=GND_COM Pin=U23-24
Added Pin To Net: NetName=GND_COM Pin=U23-26
