Change Physical Footprint: Designator=C1 Old Footprint=0603 New Footprint=0603
Change Physical Footprint: Designator=C2 Old Footprint=0603 New Footprint=0603
Change Physical Footprint: Designator=C3 Old Footprint=0603 New Footprint=0603
Change Physical Footprint: Designator=C4 Old Footprint=0603 New Footprint=0603
Change Physical Footprint: Designator=C5 Old Footprint=0603 New Footprint=0603
Change Physical Footprint: Designator=C6 Old Footprint=0603 New Footprint=0603
Change Physical Footprint: Designator=C7 Old Footprint=0603 New Footprint=0603
Change Physical Footprint: Designator=C8 Old Footprint=0603 New Footprint=0603
Change Physical Footprint: Designator=C9 Old Footprint=0603 New Footprint=0603
Change Physical Footprint: Designator=C10 Old Footprint=CAP A CASE New Footprint=CAP A CASE
Change Physical Footprint: Designator=C11 Old Footprint=0603 New Footprint=0603
Change Physical Footprint: Designator=C12 Old Footprint=CAP A CASE New Footprint=CAP A CASE
Change Physical Footprint: Designator=C13 Old Footprint=0603 New Footprint=0603
Change Physical Footprint: Designator=C14 Old Footprint=0603 New Footprint=0603
Change Physical Footprint: Designator=C15 Old Footprint=0603 New Footprint=0603
Change Physical Footprint: Designator=C16 Old Footprint=0603 New Footprint=0603
Change Physical Footprint: Designator=C17 Old Footprint=0603 New Footprint=0603
Change Physical Footprint: Designator=C18 Old Footprint=0603 New Footprint=0603
Change Physical Footprint: Designator=C19 Old Footprint=0603 New Footprint=0603
Change Physical Footprint: Designator=C20 Old Footprint=0603 New Footprint=0603
Change Physical Footprint: Designator=C21 Old Footprint=0603 New Footprint=0603
Change Physical Footprint: Designator=C22 Old Footprint=0603 New Footprint=0603
Change Physical Footprint: Designator=C23 Old Footprint=0603 New Footprint=0603
Change Physical Footprint: Designator=C24 Old Footprint=0603 New Footprint=0603
Change Physical Footprint: Designator=C25 Old Footprint=CAP A CASE New Footprint=CAP A CASE
Change Physical Footprint: Designator=C26 Old Footprint=0603 New Footprint=0603
Change Physical Footprint: Designator=C27 Old Footprint=0603 New Footprint=0603
Change Physical Footprint: Designator=C28 Old Footprint=0603 New Footprint=0603
Change Physical Footprint: Designator=C29 Old Footprint=0603 New Footprint=0603
Change Physical Footprint: Designator=C30 Old Footprint=0603 New Footprint=0603
Change Physical Footprint: Designator=C31 Old Footprint=0603 New Footprint=0603
Change Physical Footprint: Designator=C32 Old Footprint=0603 New Footprint=0603
Change Physical Footprint: Designator=C33 Old Footprint=0603 New Footprint=0603
Change Physical Footprint: Designator=C34 Old Footprint=0603 New Footprint=0603
Change Physical Footprint: Designator=C35 Old Footprint=0603 New Footprint=0603
Change Physical Footprint: Designator=C36 Old Footprint=0603 New Footprint=0603
Change Physical Footprint: Designator=C37 Old Footprint=0603 New Footprint=0603
Change Physical Footprint: Designator=C38 Old Footprint=0603 New Footprint=0603
Change Physical Footprint: Designator=C39 Old Footprint=0603 New Footprint=0603
Change Physical Footprint: Designator=C40 Old Footprint=0603 New Footprint=0603
Change Physical Footprint: Designator=C41 Old Footprint=0603 New Footprint=0603
Change Physical Footprint: Designator=C42 Old Footprint=0603 New Footprint=0603
Change Physical Footprint: Designator=C43 Old Footprint=0603 New Footprint=0603
Change Physical Footprint: Designator=C44 Old Footprint=0603 New Footprint=0603
Change Physical Footprint: Designator=C45 Old Footprint=0603 New Footprint=0603
Change Physical Footprint: Designator=C46 Old Footprint=0603 New Footprint=0603
Change Physical Footprint: Designator=C47 Old Footprint=0603 New Footprint=0603
Change Physical Footprint: Designator=C48 Old Footprint=0603 New Footprint=0603
Change Physical Footprint: Designator=C49 Old Footprint=0603 New Footprint=0603
Change Physical Footprint: Designator=C50 Old Footprint=0603 New Footprint=0603
Change Physical Footprint: Designator=C51 Old Footprint=0603 New Footprint=0603
Change Physical Footprint: Designator=C52 Old Footprint=CAP A CASE New Footprint=CAP A CASE
Change Physical Footprint: Designator=C53 Old Footprint=CAP A CASE New Footprint=CAP A CASE
Change Physical Footprint: Designator=C54 Old Footprint=0603 New Footprint=0603
Change Physical Footprint: Designator=C56 Old Footprint=0603 New Footprint=0603
Change Physical Footprint: Designator=C58 Old Footprint=0603 New Footprint=0603
Change Physical Footprint: Designator=C59 Old Footprint=0603 New Footprint=0603
Change Physical Footprint: Designator=C60 Old Footprint=0603 New Footprint=0603
Change Physical Footprint: Designator=C61 Old Footprint=0603 New Footprint=0603
Change Physical Footprint: Designator=C62 Old Footprint=0603 New Footprint=0603
Change Physical Footprint: Designator=D1 Old Footprint=SOT23 DIODE New Footprint=SOT23 DIODE
Change Physical Footprint: Designator=D2 Old Footprint=SOT23 DIODE New Footprint=SOT23 DIODE
Change Physical Footprint: Designator=D3 Old Footprint=DIODE SC79 New Footprint=DIODE SC79
Change Physical Footprint: Designator=FB1 Old Footprint=0603 New Footprint=0603
Change Physical Footprint: Designator=FB2 Old Footprint=0603 New Footprint=0603
Change Physical Footprint: Designator=FB3 Old Footprint=0603 New Footprint=0603
Change Physical Footprint: Designator=FB4 Old Footprint=0603 New Footprint=0603
Change Physical Footprint: Designator=J2 Old Footprint=1X10 HEADER New Footprint=1X10 HEADER
Change Physical Footprint: Designator=J3 Old Footprint=50 OHM ANT New Footprint=50 OHM ANT
Change Physical Footprint: Designator=J4 Old Footprint=50 OHM ANT New Footprint=50 OHM ANT
Change Physical Footprint: Designator=L1 Old Footprint=0603 New Footprint=0603
Change Physical Footprint: Designator=L2 Old Footprint=0603 New Footprint=0603
Change Physical Footprint: Designator=L3 Old Footprint=0805 New Footprint=0805
Change Physical Footprint: Designator=L4 Old Footprint=COIL TKS5540CT-ND New Footprint=COIL TKS5540CT-ND
Change Physical Footprint: Designator=L5 Old Footprint=MICROSTRIP New Footprint=MICROSTRIP
Change Physical Footprint: Designator=L6 Old Footprint=0603 New Footprint=0603
Change Physical Footprint: Designator=L7 Old Footprint=0805 New Footprint=0805
Change Physical Footprint: Designator=L8 Old Footprint=0603 New Footprint=0603
Change Physical Footprint: Designator=L9 Old Footprint=0603 New Footprint=0603
Change Physical Footprint: Designator=L10 Old Footprint=0603 New Footprint=0603
Change Physical Footprint: Designator=L11 Old Footprint=0603 New Footprint=0603
Change Physical Footprint: Designator=L12 Old Footprint=0603 New Footprint=0603
Change Physical Footprint: Designator=L13 Old Footprint=MICROSTRIP New Footprint=MICROSTRIP
Change Physical Footprint: Designator=L14 Old Footprint=0603 New Footprint=0603
Change Physical Footprint: Designator=L15 Old Footprint=0603 New Footprint=0603
Change Physical Footprint: Designator=L16 Old Footprint=0603 New Footprint=0603
Change Physical Footprint: Designator=L17 Old Footprint=0603 New Footprint=0603
Change Physical Footprint: Designator=L18 Old Footprint=0603 New Footprint=0603
Change Physical Footprint: Designator=L19 Old Footprint=0603 New Footprint=0603
Change Physical Footprint: Designator=Q1 Old Footprint=3 PIN ULTRA SUPER MINI MOLD New Footprint=3 PIN ULTRA SUPER MINI MOLD
Change Physical Footprint: Designator=Q2 Old Footprint=SOT23 TRANS New Footprint=SOT23 TRANS
Change Physical Footprint: Designator=Q3 Old Footprint=SOT23 TRANS New Footprint=SOT23 TRANS
Change Physical Footprint: Designator=Q4 Old Footprint=SOT23 TRANS New Footprint=SOT23 TRANS
Change Physical Footprint: Designator=Q5 Old Footprint=SOT23 TRANS New Footprint=SOT23 TRANS
Change Physical Footprint: Designator=Q6 Old Footprint=3 PIN ULTRA SUPER MINI MOLD New Footprint=3 PIN ULTRA SUPER MINI MOLD
Change Physical Footprint: Designator=Q7 Old Footprint=SOT23 TRANS New Footprint=SOT23 TRANS
Change Physical Footprint: Designator=Q8 Old Footprint=SOT23 TRANS New Footprint=SOT23 TRANS
Change Physical Footprint: Designator=Q10 Old Footprint=SOT23 TRANS New Footprint=SOT23 TRANS
Change Physical Footprint: Designator=Q11 Old Footprint=SOT23 TRANS New Footprint=SOT23 TRANS
Change Physical Footprint: Designator=R1 Old Footprint=0603 New Footprint=0603
Change Physical Footprint: Designator=R2 Old Footprint=0603 New Footprint=0603
Change Physical Footprint: Designator=R3 Old Footprint=0603 New Footprint=0603
Change Physical Footprint: Designator=R4 Old Footprint=0603 New Footprint=0603
Change Physical Footprint: Designator=R5 Old Footprint=0603 New Footprint=0603
Change Physical Footprint: Designator=R6 Old Footprint=0603 New Footprint=0603
Change Physical Footprint: Designator=R7 Old Footprint=0603 New Footprint=0603
Change Physical Footprint: Designator=R8 Old Footprint=0603 New Footprint=0603
Change Physical Footprint: Designator=R9 Old Footprint=0603 New Footprint=0603
Change Physical Footprint: Designator=R10 Old Footprint=0603 New Footprint=0603
Change Physical Footprint: Designator=R11 Old Footprint=POT PANA EVN5 New Footprint=POT PANA EVN5
Change Physical Footprint: Designator=R12 Old Footprint=0603 New Footprint=0603
Change Physical Footprint: Designator=R13 Old Footprint=0603 New Footprint=0603
Change Physical Footprint: Designator=R14 Old Footprint=0603 New Footprint=0603
Change Physical Footprint: Designator=R15 Old Footprint=0603 New Footprint=0603
Change Physical Footprint: Designator=R16 Old Footprint=0603 New Footprint=0603
Change Physical Footprint: Designator=R17 Old Footprint=0603 New Footprint=0603
Change Physical Footprint: Designator=R18 Old Footprint=0603 New Footprint=0603
Change Physical Footprint: Designator=R19 Old Footprint=0603 New Footprint=0603
Change Physical Footprint: Designator=R20 Old Footprint=0603 New Footprint=0603
Change Physical Footprint: Designator=R21 Old Footprint=0603 New Footprint=0603
Change Physical Footprint: Designator=R22 Old Footprint=0603 New Footprint=0603
Change Physical Footprint: Designator=R23 Old Footprint=0603 New Footprint=0603
Change Physical Footprint: Designator=R24 Old Footprint=0603 New Footprint=0603
Change Physical Footprint: Designator=R25 Old Footprint=0603 New Footprint=0603
Change Physical Footprint: Designator=R26 Old Footprint=0603 New Footprint=0603
Change Physical Footprint: Designator=R27 Old Footprint=0603 New Footprint=0603
Change Physical Footprint: Designator=R28 Old Footprint=0603 New Footprint=0603
Change Physical Footprint: Designator=R29 Old Footprint=0603 New Footprint=0603
Change Physical Footprint: Designator=R30 Old Footprint=0603 New Footprint=0603
Change Physical Footprint: Designator=R31 Old Footprint=0603 New Footprint=0603
Change Physical Footprint: Designator=R33 Old Footprint=0603 New Footprint=0603
Change Physical Footprint: Designator=R34 Old Footprint=0603 New Footprint=0603
Change Physical Footprint: Designator=R35 Old Footprint=0603 New Footprint=0603
Change Physical Footprint: Designator=R36 Old Footprint=0603 New Footprint=0603
Change Physical Footprint: Designator=R37 Old Footprint=0603 New Footprint=0603
Change Physical Footprint: Designator=R38 Old Footprint=0603 New Footprint=0603
Change Physical Footprint: Designator=R39 Old Footprint=0603 New Footprint=0603
Change Physical Footprint: Designator=R40 Old Footprint=0603 New Footprint=0603
Change Physical Footprint: Designator=R41 Old Footprint=0603 New Footprint=0603
Change Physical Footprint: Designator=R42 Old Footprint=0603 New Footprint=0603
Change Physical Footprint: Designator=R43 Old Footprint=0603 New Footprint=0603
Change Physical Footprint: Designator=R46 Old Footprint=0603 New Footprint=0603
Change Physical Footprint: Designator=R47 Old Footprint=0603 New Footprint=0603
Change Physical Footprint: Designator=R48 Old Footprint=0603 New Footprint=0603
Change Physical Footprint: Designator=R49 Old Footprint=0603 New Footprint=0603
Change Physical Footprint: Designator=R50 Old Footprint=0603 New Footprint=0603
Change Physical Footprint: Designator=R51 Old Footprint=0603 New Footprint=0603
Change Physical Footprint: Designator=R52 Old Footprint=POT PANA EVN5 New Footprint=POT PANA EVN5
Change Physical Footprint: Designator=R53 Old Footprint=0603 New Footprint=0603
Change Physical Footprint: Designator=R54 Old Footprint=0603 New Footprint=0603
Change Physical Footprint: Designator=R55 Old Footprint=0603 New Footprint=0603
Change Physical Footprint: Designator=R56 Old Footprint=0603 New Footprint=0603
Change Physical Footprint: Designator=U1 Old Footprint=SOT343 New Footprint=SOT343
Change Physical Footprint: Designator=U2 Old Footprint=SSOP20 New Footprint=SSOP20
Change Physical Footprint: Designator=U3 Old Footprint=SOT25 New Footprint=SOT25
Change Physical Footprint: Designator=U4 Old Footprint=SOT25 New Footprint=SOT25
Change Physical Footprint: Designator=U5 Old Footprint=SO8 SMALL New Footprint=SO8 SMALL
Change Physical Footprint: Designator=U6 Old Footprint=SO8 New Footprint=SO8
Change Physical Footprint: Designator=U7 Old Footprint=TO6 New Footprint=TO6
Change Physical Footprint: Designator=U8 Old Footprint=SOT25 New Footprint=SOT25
Change Physical Footprint: Designator=U9 Old Footprint=SO8 SMALL New Footprint=SO8 SMALL
Change Physical Footprint: Designator=Y1 Old Footprint=FILTER2 New Footprint=FILTER2
Change Physical Footprint: Designator=Y2 Old Footprint=FILTER2 New Footprint=FILTER2
Change Physical Footprint: Designator=Y3 Old Footprint=RESONATOR New Footprint=RESONATOR
Change Physical Footprint: Designator=Y4 Old Footprint=RESONATOR2 New Footprint=RESONATOR2
Change Physical Footprint: Designator=Y6 Old Footprint=RESONATOR2 New Footprint=RESONATOR2
