Added Component: Designator=B1(BATT HOLDER1)
Added Component: Designator=C2(0603)
Added Component: Designator=C3(0603)
Added Component: Designator=C4(0603)
Added Component: Designator=C6(0603)
Added Component: Designator=C7(0603)
Added Component: Designator=C8(0603)
Added Component: Designator=C9(0603)
Added Component: Designator=C10(0603)
Added Component: Designator=C11(0603)
Added Component: Designator=C12(0603)
Added Component: Designator=C13(0603)
Added Component: Designator=C14(0603)
Added Component: Designator=C15(0603)
Added Component: Designator=C17(0603)
Added Component: Designator=C18(0603)
Added Component: Designator=C19(0603)
Added Component: Designator=C20(0603)
Added Component: Designator=C21(0603)
Added Component: Designator=C22(0603)
Added Component: Designator=C23(0603)
Added Component: Designator=C24(0603)
Added Component: Designator=C26(0603)
Added Component: Designator=C27(0603)
Added Component: Designator=J1(CONN5)
Added Component: Designator=L2(0603)
Added Component: Designator=L3(0603)
Added Component: Designator=L6(0603)
Added Component: Designator=Q1(3 PIN ULTRA SUPER MINI MOLD)
Added Component: Designator=Q2(3 PIN ULTRA SUPER MINI MOLD)
Added Component: Designator=R1(0603)
Added Component: Designator=R2(0603)
Added Component: Designator=R3(0603)
Added Component: Designator=R4(0603)
Added Component: Designator=R5(0603)
Added Component: Designator=R6(0603)
Added Component: Designator=R7(0603)
Added Component: Designator=R8(0603)
Added Component: Designator=R10(0603)
Added Component: Designator=R11(0603)
Added Component: Designator=R12(0603)
Added Component: Designator=R13(0603)
Added Component: Designator=R14(0603)
Added Component: Designator=R15(0603)
Added Component: Designator=R16(0603)
Added Component: Designator=R17(0603)
Added Component: Designator=R18(0603)
Added Component: Designator=R19(0603)
Added Component: Designator=R20(0603)
Added Component: Designator=R21(0603)
Added Component: Designator=R23(0603)
Added Component: Designator=R24(0603)
Added Component: Designator=R26(0603)
Added Component: Designator=U3(SO8 SMALL)
Added Component: Designator=U4(SO8)
Added Component: Designator=U5(SOT23-5A)
Added Component: Designator=U6(SC70)
Added Component: Designator=Y1(RESONATOR)
Added Component: Designator=Y2(CRYSTAL ABRACON ABS07)
Added Pin To Net: NetName=+V1.2 Pin=R1-2
Added Pin To Net: NetName=+V1.2 Pin=R14-2
Added Pin To Net: NetName=+V1.2 Pin=R19-1
Added Pin To Net: NetName=+V1.2 Pin=U5-4
Added Pin To Net: NetName=+V1.2 Pin=U5-5
Added Net: Name=+V1.2
Added Pin To Net: NetName=3V Pin=B1-2
Added Pin To Net: NetName=3V Pin=C15-1
Added Pin To Net: NetName=3V Pin=C18-1
Added Pin To Net: NetName=3V Pin=J1-5
Added Pin To Net: NetName=3V Pin=R3-2
Added Pin To Net: NetName=3V Pin=R5-2
Added Pin To Net: NetName=3V Pin=R6-2
Added Pin To Net: NetName=3V Pin=R7-1
Added Pin To Net: NetName=3V Pin=R26-1
Added Pin To Net: NetName=3V Pin=U3-8
Added Pin To Net: NetName=3V Pin=U4-8
Added Pin To Net: NetName=3V Pin=U5-1
Added Net: Name=3V
Added Pin To Net: NetName=ENABLE_RCVR Pin=R20-1
Added Pin To Net: NetName=ENABLE_RCVR Pin=U5-3
Added Net: Name=ENABLE_RCVR
Added Pin To Net: NetName=GND Pin=B1-1
Added Pin To Net: NetName=GND Pin=C4-2
Added Pin To Net: NetName=GND Pin=C6-1
Added Pin To Net: NetName=GND Pin=C7-2
Added Pin To Net: NetName=GND Pin=C9-2
Added Pin To Net: NetName=GND Pin=C12-2
Added Pin To Net: NetName=GND Pin=C14-1
Added Pin To Net: NetName=GND Pin=C15-2
Added Pin To Net: NetName=GND Pin=C17-1
Added Pin To Net: NetName=GND Pin=C18-2
Added Pin To Net: NetName=GND Pin=C19-2
Added Pin To Net: NetName=GND Pin=C20-1
Added Pin To Net: NetName=GND Pin=C24-1
Added Pin To Net: NetName=GND Pin=C26-1
Added Pin To Net: NetName=GND Pin=C27-1
Added Pin To Net: NetName=GND Pin=J1-4
Added Pin To Net: NetName=GND Pin=R2-1
Added Pin To Net: NetName=GND Pin=R15-1
Added Pin To Net: NetName=GND Pin=R17-2
Added Pin To Net: NetName=GND Pin=R24-2
Added Pin To Net: NetName=GND Pin=U3-4
Added Pin To Net: NetName=GND Pin=U3-5
Added Pin To Net: NetName=GND Pin=U3-6
Added Pin To Net: NetName=GND Pin=U3-7
Added Pin To Net: NetName=GND Pin=U4-4
Added Pin To Net: NetName=GND Pin=U4-7
Added Pin To Net: NetName=GND Pin=U5-2
Added Pin To Net: NetName=GND Pin=U6-2
Added Pin To Net: NetName=GND Pin=Y1-1
Added Pin To Net: NetName=GND Pin=Y1-2
Added Pin To Net: NetName=GND Pin=Y1-3
Added Pin To Net: NetName=GND Pin=Y1-4
Added Pin To Net: NetName=GND Pin=Y1-5
Added Pin To Net: NetName=GND Pin=Y1-7
Added Pin To Net: NetName=GND Pin=Y1-8
Added Net: Name=GND
Added Pin To Net: NetName=I2CSCL Pin=U3-2
Added Pin To Net: NetName=I2CSCL Pin=U4-6
Added Net: Name=I2CSCL
Added Pin To Net: NetName=I2CSDA Pin=R5-1
Added Pin To Net: NetName=I2CSDA Pin=U3-1
Added Pin To Net: NetName=I2CSDA Pin=U4-5
Added Net: Name=I2CSDA
Added Net: Name=LED OUT
Added Pin To Net: NetName=NetC2_1 Pin=C2-1
Added Pin To Net: NetName=NetC2_1 Pin=L2-2
Added Pin To Net: NetName=NetC2_1 Pin=Q1-C
Added Net: Name=NetC2_1
Added Pin To Net: NetName=NetC2_2 Pin=C2-2
Added Pin To Net: NetName=NetC2_2 Pin=C19-1
Added Pin To Net: NetName=NetC2_2 Pin=L3-2
Added Pin To Net: NetName=NetC2_2 Pin=Q1-E
Added Net: Name=NetC2_2
Added Pin To Net: NetName=NetC3_1 Pin=C3-1
Added Pin To Net: NetName=NetC3_1 Pin=C21-2
Added Pin To Net: NetName=NetC3_1 Pin=C22-2
Added Pin To Net: NetName=NetC3_1 Pin=C23-2
Added Pin To Net: NetName=NetC3_1 Pin=Q2-C
Added Net: Name=NetC3_1
Added Pin To Net: NetName=NetC3_2 Pin=C3-2
Added Pin To Net: NetName=NetC3_2 Pin=C11-1
Added Pin To Net: NetName=NetC3_2 Pin=L6-1
Added Pin To Net: NetName=NetC3_2 Pin=Q2-E
Added Net: Name=NetC3_2
Added Pin To Net: NetName=NetC6_2 Pin=C6-2
Added Pin To Net: NetName=NetC6_2 Pin=L3-1
Added Pin To Net: NetName=NetC6_2 Pin=R11-1
Added Net: Name=NetC6_2
Added Pin To Net: NetName=NetC7_1 Pin=C7-1
Added Pin To Net: NetName=NetC7_1 Pin=C10-2
Added Pin To Net: NetName=NetC7_1 Pin=L6-2
Added Pin To Net: NetName=NetC7_1 Pin=R17-1
Added Net: Name=NetC7_1
Added Pin To Net: NetName=NetC8_1 Pin=C8-1
Added Pin To Net: NetName=NetC8_1 Pin=Q1-B
Added Pin To Net: NetName=NetC8_1 Pin=R8-1
Added Net: Name=NetC8_1
Added Pin To Net: NetName=NetC8_2 Pin=C8-2
Added Pin To Net: NetName=NetC8_2 Pin=Y1-6
Added Net: Name=NetC8_2
Added Pin To Net: NetName=NetC9_1 Pin=C9-1
Added Pin To Net: NetName=NetC9_1 Pin=C20-2
Added Pin To Net: NetName=NetC9_1 Pin=C24-2
Added Pin To Net: NetName=NetC9_1 Pin=R12-2
Added Pin To Net: NetName=NetC9_1 Pin=R13-1
Added Pin To Net: NetName=NetC9_1 Pin=R14-1
Added Net: Name=NetC9_1
Added Pin To Net: NetName=NetC10_1 Pin=C10-1
Added Pin To Net: NetName=NetC10_1 Pin=C13-1
Added Pin To Net: NetName=NetC10_1 Pin=Q2-B
Added Pin To Net: NetName=NetC10_1 Pin=R12-1
Added Net: Name=NetC10_1
Added Pin To Net: NetName=NetC11_2 Pin=C11-2
Added Pin To Net: NetName=NetC11_2 Pin=R16-1
Added Net: Name=NetC11_2
Added Pin To Net: NetName=NetC12_1 Pin=C12-1
Added Pin To Net: NetName=NetC12_1 Pin=L2-1
Added Pin To Net: NetName=NetC12_1 Pin=R6-1
Added Net: Name=NetC12_1
Added Pin To Net: NetName=NetC13_2 Pin=C13-2
Added Pin To Net: NetName=NetC13_2 Pin=C21-1
Added Pin To Net: NetName=NetC13_2 Pin=C22-1
Added Pin To Net: NetName=NetC13_2 Pin=C23-1
Added Pin To Net: NetName=NetC13_2 Pin=R13-2
Added Net: Name=NetC13_2
Added Pin To Net: NetName=NetC14_2 Pin=C14-2
Added Pin To Net: NetName=NetC14_2 Pin=R16-2
Added Pin To Net: NetName=NetC14_2 Pin=R18-1
Added Pin To Net: NetName=NetC14_2 Pin=R21-1
Added Net: Name=NetC14_2
Added Pin To Net: NetName=NetC17_2 Pin=C17-2
Added Pin To Net: NetName=NetC17_2 Pin=R20-2
Added Pin To Net: NetName=NetC17_2 Pin=U6-5
Added Net: Name=NetC17_2
Added Pin To Net: NetName=NetC26_2 Pin=C26-2
Added Pin To Net: NetName=NetC26_2 Pin=R23-2
Added Pin To Net: NetName=NetC26_2 Pin=Y2-2
Added Net: Name=NetC26_2
Added Pin To Net: NetName=NetC27_2 Pin=C27-2
Added Pin To Net: NetName=NetC27_2 Pin=Y2-1
Added Net: Name=NetC27_2
Added Pin To Net: NetName=NetQ3_D Pin=R10-2
Added Pin To Net: NetName=NetQ3_D Pin=R11-2
Added Net: Name=NetQ3_D
Added Pin To Net: NetName=NetR7_2 Pin=R7-2
Added Pin To Net: NetName=NetR7_2 Pin=R8-2
Added Pin To Net: NetName=NetR7_2 Pin=R10-1
Added Net: Name=NetR7_2
Added Pin To Net: NetName=NetR18_2 Pin=R18-2
Added Net: Name=NetR18_2
Added Pin To Net: NetName=NetR19_2 Pin=R19-2
Added Pin To Net: NetName=NetR19_2 Pin=R24-1
Added Pin To Net: NetName=NetR19_2 Pin=U6-4
Added Net: Name=NetR19_2
Added Pin To Net: NetName=NetR21_2 Pin=R21-2
Added Pin To Net: NetName=NetR21_2 Pin=U6-3
Added Net: Name=NetR21_2
Added Pin To Net: NetName=NetR23_1 Pin=R23-1
Added Net: Name=NetR23_1
Added Pin To Net: NetName=PANIC SWITCH Pin=R26-2
Added Net: Name=PANIC SWITCH
Added Pin To Net: NetName=PROG CLK Pin=J1-2
Added Pin To Net: NetName=PROG CLK Pin=R1-1
Added Net: Name=PROG CLK
Added Pin To Net: NetName=PROG DATA Pin=J1-1
Added Net: Name=PROG DATA
Added Pin To Net: NetName=PROG MCLR Pin=J1-3
Added Pin To Net: NetName=PROG MCLR Pin=R3-1
Added Net: Name=PROG MCLR
Added Pin To Net: NetName=RX DATA Pin=U6-1
Added Net: Name=RX DATA
Added Net: Name=SPEAKER OUT
Added Net: Name=TAMPER PWR
Added Pin To Net: NetName=TAMPER SIG Pin=C4-1
Added Net: Name=TAMPER SIG
Added Net: Name=TILT SENSOR
Added Pin To Net: NetName=TX DATA Pin=R2-2
Added Net: Name=TX DATA
Added Pin To Net: NetName=VMP Pin=R4-2
Added Net: Name=VMP
Added Pin To Net: NetName=VMS Pin=R4-1
Added Pin To Net: NetName=VMS Pin=R15-2
Added Net: Name=VMS
Added Class: Name=PAGE1
Added Class: Name=PAGE2
Added Room: Name=PAGE1
Added Room: Name=PAGE2
