Removed Pin From Net: NetName=GND_COM Pin=J2-2
Removed Pin From Net: NetName=+5VD Pin=U9-7
Removed Member From Class: ClassName=Sheet3 Member=D106
Added Pin To Net: NetName=GND_COM Pin=C4-2
Added Pin To Net: NetName=GND_COM Pin=C5-2
Added Pin To Net: NetName=VUNREG Pin=U12-V+
Added Pin To Net: NetName=GND_COM Pin=U12-V-
Change Net Name : Old Net Name=-DI1_FLT New Net Name=DI1_FLT
Change Net Name : Old Net Name=-DI1_UP New Net Name=DI1_UP
Change Net Name : Old Net Name=-DI2_FLT New Net Name=DI2_FLT
Change Net Name : Old Net Name=-DI2_UP New Net Name=DI2_UP
Added Pin To Net: NetName=NetC4_1 Pin=C4-1
Added Pin To Net: NetName=NetC4_1 Pin=J2-1
Added Pin To Net: NetName=NetC4_1 Pin=L1-2
Added Net: Name=NetC4_1
Added Pin To Net: NetName=NetC5_1 Pin=C5-1
Added Pin To Net: NetName=NetC5_1 Pin=J2-2
Added Pin To Net: NetName=NetC5_1 Pin=L2-2
Added Net: Name=NetC5_1
Added Pin To Net: NetName=NetD5_1 Pin=D5-1
Added Pin To Net: NetName=NetD5_1 Pin=J5-4
Added Pin To Net: NetName=NetD5_1 Pin=L1-1
Added Pin To Net: NetName=NetD5_1 Pin=U12-AC2
Added Net: Name=NetD5_1
Added Pin To Net: NetName=NetD5_2 Pin=D5-2
Added Pin To Net: NetName=NetD5_2 Pin=L2-1
Added Pin To Net: NetName=NetD5_2 Pin=U12-AC1
Added Net: Name=NetD5_2
Added Member To Class: ClassName=Sheet3 Member=Component C4 0.1uF
Added Member To Class: ClassName=Sheet3 Member=Component C5 0.1uF
Added Member To Class: ClassName=Sheet3 Member=Component D5 P0300SARP
Added Member To Class: ClassName=Sheet3 Member=Component L1 100 nH
Added Member To Class: ClassName=Sheet3 Member=Component L2 100 nH
Added Member To Class: ClassName=Sheet3 Member=Component U12 BRIDGE 100V 0.5A
